2019-10-15 20:19:45,233 — INFO — Вызов функции run
2019-10-15 20:19:45,283 — INFO — Вызов функции run успешно завершен
2019-10-15 20:19:45,284 — INFO — Вызов функции printStatusApps
2019-10-15 20:19:45,284 — INFO — Вызов функции printStatusApps успешно завершен
2019-10-15 20:33:52,838 — INFO — Вызов функции run
2019-10-15 20:33:52,845 — INFO — Вызов функции run успешно завершен
2019-10-15 20:33:52,846 — INFO — Вызов функции printStatusApps
2019-10-15 20:33:52,846 — INFO — Вызов функции printStatusApps успешно завершен
2019-10-15 20:35:51,390 — INFO — Вызов функции run
2019-10-15 20:35:51,397 — INFO — Вызов функции run успешно завершен
2019-10-15 20:35:51,398 — INFO — Вызов функции printStatusApps
2019-10-15 20:35:51,398 — INFO — Вызов функции printStatusApps успешно завершен
2019-10-15 20:37:23,037 — INFO — Вызов функции double_function
2019-10-15 20:37:23,037 — ERROR — Error ZeroDivisionError('division by zero')
2019-10-15 20:37:23,038 — INFO — Вызов функции func2
2019-10-15 20:37:23,038 — INFO — Вызов функции func2 успешно завершен
2019-10-15 20:37:48,536 — INFO — Вызов функции double_function
2019-10-15 20:37:48,536 — ERROR — Error ZeroDivisionError('division by zero')
2019-10-15 20:37:48,537 — INFO — Вызов функции func2
2019-10-15 20:37:48,537 — INFO — Вызов функции func2 успешно завершен
2019-10-15 20:37:53,509 — INFO — Вызов функции run
2019-10-15 20:37:53,516 — INFO — Вызов функции run успешно завершен
2019-10-15 20:37:53,517 — INFO — Вызов функции printStatusApps
2019-10-15 20:37:53,517 — INFO — Вызов функции printStatusApps успешно завершен
2019-10-15 20:39:19,633 — INFO — Вызов функции run
2019-10-15 20:39:19,640 — INFO — Вызов функции run успешно завершен
2019-10-15 20:39:19,641 — INFO — Вызов функции printStatusApps
2019-10-15 20:39:19,641 — INFO — Вызов функции printStatusApps успешно завершен
2019-10-15 20:44:15,745 — INFO — Вызов функции run
2019-10-15 20:44:15,757 — INFO — Вызов функции run успешно завершен
2019-10-15 20:44:15,758 — INFO — Вызов функции printStatusApps
2019-10-15 20:44:15,759 — INFO — Вызов функции printStatusApps успешно завершен
2019-10-15 20:45:24,252 — INFO — Вызов функции run
2019-10-15 20:45:24,259 — INFO — Вызов функции run успешно завершен
2019-10-15 20:45:24,260 — INFO — Вызов функции printStatusApps
2019-10-15 20:45:24,260 — INFO — Вызов функции printStatusApps успешно завершен
2019-10-15 20:45:40,517 — INFO — Вызов функции run
2019-10-15 20:45:40,523 — INFO — Вызов функции run успешно завершен
2019-10-15 20:45:40,524 — INFO — Вызов функции printStatusApps
2019-10-15 20:45:40,524 — INFO — Вызов функции printStatusApps успешно завершен
2019-10-15 20:45:45,627 — INFO — Вызов функции run
2019-10-15 20:45:45,633 — INFO — Вызов функции run успешно завершен
2019-10-15 20:45:45,633 — INFO — Вызов функции printStatusApps
2019-10-15 20:45:45,634 — INFO — Вызов функции printStatusApps успешно завершен
